build/app/outputs/mapping/release/seeds.txt
androidx.window.embedding.EmbeddingBackend: void registerSplitListenerForActivity(android.app.Activity,java.util.concurrent.Executor,androidx.core.util.Consumer)
androidx.window.core.Bounds: int hashCode()
androidx.core.os.BundleApi21ImplKt: void putSizeF(android.os.Bundle,java.lang.String,android.util.SizeF)
androidx.core.view.WindowInsetsCompat$Impl: boolean isVisible(int)
io.flutter.plugin.editing.ImeSyncDeferringInsetsCallback$AnimationCallback: android.view.WindowInsets onProgress(android.view.WindowInsets,java.util.List)
androidx.window.layout.HardwareFoldingFeature$Type: java.lang.String toString()
io.flutter.view.AccessibilityViewEmbedder: android.view.View platformViewOfNode(int)
androidx.core.view.WindowInsetsCompat$Impl29: WindowInsetsCompat$Impl29(androidx.core.view.WindowInsetsCompat,android.view.WindowInsets)
androidx.window.layout.WindowMetricsCalculator$Companion: androidx.window.layout.WindowMetricsCalculator getOrCreate()
io.flutter.embedding.engine.FlutterJNI: void nativeMarkTextureFrameAvailable(long,long)
androidx.window.layout.WindowInfoTrackerImpl$windowLayoutInfo$1: void invokeSuspend$lambda-0(kotlinx.coroutines.channels.Channel,androidx.window.layout.WindowLayoutInfo)
androidx.core.view.WindowInsetsCompat$Impl: int hashCode()
io.flutter.plugins.imagepicker.Messages$CacheRetrievalResult: Messages$CacheRetrievalResult()
androidx.window.layout.SidecarAdapter: java.lang.String access$getTAG$cp()
androidx.activity.OnBackPressedDispatcher$Api33Impl: void registerOnBackInvokedCallback(java.lang.Object,int,java.lang.Object)
kotlin.internal.jdk7.JDK7PlatformImplementations: JDK7PlatformImplementations()
androidx.window.embedding.SplitInfo: SplitInfo(androidx.window.embedding.ActivityStack,androidx.window.embedding.ActivityStack,float)
androidx.window.embedding.ExtensionEmbeddingBackend: void setSplitRules(java.util.Set)
io.flutter.embedding.engine.FlutterJNI: void onSurfaceChanged(int,int)
androidx.core.view.WindowInsetsCompat$BuilderImpl: void setStableInsets(androidx.core.graphics.Insets)
androidx.core.view.WindowInsetsCompat$Impl30: void copyRootViewBounds(android.view.View)
androidx.lifecycle.ViewModel: ViewModel()
androidx.window.embedding.ActivityStack: ActivityStack(java.util.List,boolean)
androidx.window.layout.SidecarWindowBackend: void setWindowExtension(androidx.window.layout.ExtensionInterfaceCompat)
kotlin.jvm.internal.TypeIntrinsics: TypeIntrinsics()
androidx.window.embedding.ExtensionEmbeddingBackend$EmbeddingCallbackImpl: void onSplitInfoChanged(java.util.List)
androidx.core.view.ViewCompat$Api20Impl: void requestApplyInsets(android.view.View)
androidx.window.layout.EmptyDecorator: EmptyDecorator()
androidx.window.layout.SidecarAdapter$Companion: SidecarAdapter$Companion(kotlin.jvm.internal.DefaultConstructorMarker)
androidx.window.layout.ExtensionsWindowLayoutInfoAdapter: androidx.window.layout.FoldingFeature translate$window_release(android.app.Activity,androidx.window.extensions.layout.FoldingFeature)
io.flutter.embedding.engine.FlutterEngineGroupCache: FlutterEngineGroupCache()
androidx.core.view.ViewCompat$Api16Impl: android.view.ViewParent getParentForAccessibility(android.view.View)
androidx.window.layout.HardwareFoldingFeature$Type$Companion: HardwareFoldingFeature$Type$Companion(kotlin.jvm.internal.DefaultConstructorMarker)
io.flutter.view.AccessibilityViewEmbedder: boolean onAccessibilityHoverEvent(int,android.view.MotionEvent)
androidx.window.layout.SidecarAdapter: boolean isEqualSidecarDisplayFeatures(java.util.List,java.util.List)
io.flutter.plugin.editing.ImeSyncDeferringInsetsCallback: android.view.View access$400(io.flutter.plugin.editing.ImeSyncDeferringInsetsCallback)
androidx.core.view.ViewCompat$Api21Impl: float getTranslationZ(android.view.View)
kotlin.coroutines.jvm.internal.BaseContinuationImpl: void releaseIntercepted()
androidx.window.embedding.SplitInfo: boolean equals(java.lang.Object)
kotlinx.coroutines.EventLoop: EventLoop()