build/app/outputs/mapping/release/mapping.txt
# compiler: R8
# compiler_version: 3.3.70
# min_api: 19
# common_typos_disable
# {"id":"com.android.tools.r8.mapping","version":"2.0"}
# pg_map_id: e2db1a9
# pg_map_hash: SHA-256 e2db1a9517d79b6e6b02bd49afef42358eff2b821a7d17147af2e068103c5494
...
androidx.core.os.BuildCompat$Extensions30Impl -> h.a$a:
    int AD_SERVICES -> d
    int S -> b
    int TIRAMISU -> c
    int R -> a
androidx.core.os.BundleApi18ImplKt -> h.b:
    androidx.core.os.BundleApi18ImplKt INSTANCE -> a
    void putBinder(android.os.Bundle,java.lang.String,android.os.IBinder) -> a
androidx.core.os.BundleApi21ImplKt -> h.e:
    androidx.core.os.BundleApi21ImplKt INSTANCE -> a
    void putSize(android.os.Bundle,java.lang.String,android.util.Size) -> a
    void putSizeF(android.os.Bundle,java.lang.String,android.util.SizeF) -> b
androidx.core.os.BundleApi21ImplKt$$ExternalSyntheticApiModelOutline0 -> h.c:
# {"id":"sourceFile","fileName":"R8$$SyntheticClass"}
# {"id":"com.android.tools.r8.synthesized"}
    void androidx.core.os.BundleApi21ImplKt$$InternalSyntheticApiModelOutline$3$be066ec970cf78f3f4560ddc27aedee04704ad2128a44682963aeee99bec21b5$0.m(android.os.Bundle,java.lang.String,android.util.Size) -> a
      # {"id":"com.android.tools.r8.synthesized"}
androidx.core.os.BundleApi21ImplKt$$ExternalSyntheticApiModelOutline1 -> h.d:
# {"id":"sourceFile","fileName":"R8$$SyntheticClass"}
# {"id":"com.android.tools.r8.synthesized"}
    void androidx.core.os.BundleApi21ImplKt$$InternalSyntheticApiModelOutline$3$e4fc5c4ca42539978eba7a5bcf81580aa9d398c190ed7dedb944fe755d723078$0.m(android.os.Bundle,java.lang.String,android.util.SizeF) -> a
      # {"id":"com.android.tools.r8.synthesized"}
androidx.core.os.BundleKt -> h.f:
    android.os.Bundle bundleOf(kotlin.Pair[]) -> a
androidx.core.os.ExecutorCompat -> h.g:
    java.util.concurrent.Executor create(android.os.Handler) -> a
androidx.core.os.ExecutorCompat$HandlerExecutor -> h.g$a:
    android.os.Handler mHandler -> d
androidx.core.util.Consumer -> androidx.core.util.a:
androidx.core.util.ObjectsCompat -> androidx.core.util.b:
    boolean equals(java.lang.Object,java.lang.Object) -> a
    int hash(java.lang.Object[]) -> b
    java.lang.Object requireNonNull(java.lang.Object,java.lang.String) -> c
androidx.core.util.ObjectsCompat$Api19Impl -> androidx.core.util.b$a:
    boolean equals(java.lang.Object,java.lang.Object) -> a
    int hash(java.lang.Object[]) -> b
androidx.core.util.Preconditions -> androidx.core.util.c:
    float checkArgumentFinite(float,java.lang.String) -> a
    java.lang.Object checkNotNull(java.lang.Object) -> b
androidx.core.util.SizeFCompat -> androidx.core.util.d:
    float mHeight -> b
    float mWidth -> a
    float getHeight() -> a
    float getWidth() -> b
androidx.core.view.DisplayCutoutCompat -> androidx.core.view.a:
    android.view.DisplayCutout mDisplayCutout -> a
    int getSafeInsetBottom() -> a
    int getSafeInsetLeft() -> b
    int getSafeInsetRight() -> c
    int getSafeInsetTop() -> d
    androidx.core.view.DisplayCutoutCompat wrap(android.view.DisplayCutout) -> e
androidx.core.view.DisplayCutoutCompat$Api28Impl -> androidx.core.view.a$a:
    android.view.DisplayCutout createDisplayCutout(android.graphics.Rect,java.util.List) -> a
    java.util.List getBoundingRects(android.view.DisplayCutout) -> b
    int getSafeInsetBottom(android.view.DisplayCutout) -> c
    int getSafeInsetLeft(android.view.DisplayCutout) -> d
    int getSafeInsetRight(android.view.DisplayCutout) -> e
    int getSafeInsetTop(android.view.DisplayCutout) -> f